

SQL的执行计划

查询10号部门的员工

1、查询普通的内部表
	explain select * from newemp where deptno=10;
STAGE DEPENDENCIES:
  Stage-0 is a root stage

STAGE PLANS:
  Stage: Stage-0
    Fetch Operator
      limit: -1
      Processor Tree:
        TableScan
          alias: newemp
          Statistics: Num rows: 1 Data size: 617 Basic stats: COMPLETE Column stats: NONE
          Filter Operator
            predicate: (deptno = 10) (type: boolean)
            Statistics: Num rows: 1 Data size: 617 Basic stats: COMPLETE Column stats: NONE
            Select Operator
              expressions: empno (type: int), ename (type: string), job (type: string), mgr (type: int), hiredate (type: string), sal (type: int), comm (type: int), 10 (type: int)
              outputColumnNames: _col0, _col1, _col2, _col3, _col4, _col5, _col6, _col7
              Statistics: Num rows: 1 Data size: 617 Basic stats: COMPLETE Column stats: NONE
              ListSink




2、查询分区表
	explain select * from emp_part where deptno=10;
STAGE DEPENDENCIES:
  Stage-0 is a root stage

STAGE PLANS:
  Stage: Stage-0
    Fetch Operator
      limit: -1
      Processor Tree:
        TableScan
          alias: emp_part
          Statistics: Num rows: 3 Data size: 121 Basic stats: COMPLETE Column stats: NONE
          Select Operator
            expressions: empno (type: int), ename (type: string), job (type: string), mgr (type: int), hiredate (type: string), sal (type: int), comm (type: int), 10 (type: int)
            outputColumnNames: _col0, _col1, _col2, _col3, _col4, _col5, _col6, _col7
            Statistics: Num rows: 3 Data size: 121 Basic stats: COMPLETE Column stats: NONE
            ListSink
	
	
	
	
	
	
	
	
	
	
	
	
	
	
	
	
	
	
	
	
	
	